<?xml version="1.0" encoding="UTF-8"?>
<testng-results ignored="0" total="2" passed="2" failed="0" skipped="0">
  <reporter-output>
  </reporter-output>
  <suite started-at="2023-04-21T14:55:01 AEST" name="Suite" finished-at="2023-04-21T14:55:10 AEST" duration-ms="9482">
    <groups>
    </groups>
    <test started-at="2023-04-21T14:55:01 AEST" name="Test" finished-at="2023-04-21T14:55:10 AEST" duration-ms="9482">
      <class name="testCases.TC_001_AccountRegistrationTest">
        <test-method is-config="true" signature="setup(java.lang.String)[pri:0, instance:testCases.TC_001_AccountRegistrationTest@3cebbb30]" started-at="2023-04-21T14:55:01 AEST" name="setup" finished-at="2023-04-21T14:55:04 AEST" duration-ms="2855" status="PASS">
          <params>
            <param index="0">
              <value>
                <![CDATA[chrome]]>
              </value>
            </param>
          </params>
          <reporter-output>
          </reporter-output>
        </test-method> <!-- setup -->
        <test-method signature="test_account_Registration()[pri:0, instance:testCases.TC_001_AccountRegistrationTest@3cebbb30]" started-at="2023-04-21T14:55:04 AEST" name="test_account_Registration" finished-at="2023-04-21T14:55:07 AEST" duration-ms="3176" status="PASS">
          <reporter-output>
          </reporter-output>
        </test-method> <!-- test_account_Registration -->
        <test-method is-config="true" signature="tearDown()[pri:0, instance:testCases.TC_001_AccountRegistrationTest@3cebbb30]" started-at="2023-04-21T14:55:07 AEST" name="tearDown" finished-at="2023-04-21T14:55:07 AEST" duration-ms="206" status="PASS">
          <reporter-output>
          </reporter-output>
        </test-method> <!-- tearDown -->
      </class> <!-- testCases.TC_001_AccountRegistrationTest -->
      <class name="testCases.TC_002_LoginTest">
        <test-method is-config="true" signature="setup(java.lang.String)[pri:0, instance:testCases.TC_002_LoginTest@659499f1]" started-at="2023-04-21T14:55:07 AEST" name="setup" finished-at="2023-04-21T14:55:08 AEST" duration-ms="1466" status="PASS">
          <params>
            <param index="0">
              <value>
                <![CDATA[chrome]]>
              </value>
            </param>
          </params>
          <reporter-output>
          </reporter-output>
        </test-method> <!-- setup -->
        <test-method signature="test_login()[pri:0, instance:testCases.TC_002_LoginTest@659499f1]" started-at="2023-04-21T14:55:08 AEST" name="test_login" finished-at="2023-04-21T14:55:10 AEST" duration-ms="1368" status="PASS">
          <reporter-output>
          </reporter-output>
        </test-method> <!-- test_login -->
        <test-method is-config="true" signature="tearDown()[pri:0, instance:testCases.TC_002_LoginTest@659499f1]" started-at="2023-04-21T14:55:10 AEST" name="tearDown" finished-at="2023-04-21T14:55:10 AEST" duration-ms="203" status="PASS">
          <reporter-output>
          </reporter-output>
        </test-method> <!-- tearDown -->
      </class> <!-- testCases.TC_002_LoginTest -->
    </test> <!-- Test -->
  </suite> <!-- Suite -->
</testng-results>
